<?xml version="1.0" encoding="UTF-8"?>
<testsuites name="jest tests" tests="3" failures="0" errors="0" time="2.699">
  <testsuite name="ServerApi tests" errors="0" failures="0" skipped="0" timestamp="2021-10-17T06:21:14" time="2.543" tests="2">
    <testcase classname="ServerApi tests should test HTTP Server run" name="ServerApi tests should test HTTP Server run" time="0.004">
    </testcase>
    <testcase classname="ServerApi tests should test Graph Server run" name="ServerApi tests should test Graph Server run" time="0.006">
    </testcase>
  </testsuite>
  <testsuite name="loadEnv test" errors="0" failures="0" skipped="0" timestamp="2021-10-17T06:21:17" time="0.036" tests="1">
    <testcase classname="loadEnv test should enviroment loaded as test  " name="loadEnv test should enviroment loaded as test  " time="0.001">
    </testcase>
  </testsuite>
</testsuites>