<?xml version="1.0" encoding="UTF-8"?>
<testsuites name="jest tests" tests="2" failures="0" errors="0" time="2.184">
  <testsuite name="ServerApi tests" errors="0" failures="0" skipped="0" timestamp="2021-10-13T08:05:46" time="2.103" tests="2">
    <testcase classname="ServerApi tests should test ServerApi run" name="ServerApi tests should test ServerApi run" time="0.004">
    </testcase>
    <testcase classname="ServerApi tests should test GraphServer run" name="ServerApi tests should test GraphServer run" time="0.007">
    </testcase>
  </testsuite>
</testsuites>