<?xml version="1.0" encoding="UTF-8"?>
<testExecutions version="1">
  <file path="/Volumes/Projects/Projects/graphity/tests/core/common/loadenv.test.ts">
    <testCase name="loadEnv test should enviroment loaded as test  " duration="2"/>
  </file>
  <file path="/Volumes/Projects/Projects/graphity/tests/core/common/logger.test.ts">
    <testCase name="Logger Tests should logger has and enviroment" duration="2"/>
  </file>
  <file path="/Volumes/Projects/Projects/graphity/tests/infraestructure/config/default.test.ts">
    <testCase name="Config Tests should load config file" duration="31"/>
  </file>
  <file path="/Volumes/Projects/Projects/graphity/tests/infraestructure/servers/StartApi.test.ts">
    <testCase name="ServerApi tests should test HTTP Server run" duration="5"/>
    <testCase name="ServerApi tests should test Graph Server run" duration="6"/>
  </file>
</testExecutions>