<?xml version="1.0" encoding="UTF-8"?>
<testExecutions version="1">
  <file path="/Volumes/Projects/Projects/graphity/tests/infraestructure/servers/StartApi.test.ts">
    <testCase name="ServerApi tests should test HTTP Server run" duration="4"/>
    <testCase name="ServerApi tests should test Graph Server run" duration="6"/>
  </file>
  <file path="/Volumes/Projects/Projects/graphity/tests/core/common/loadenv.test.ts">
    <testCase name="loadEnv test should enviroment loaded as test  " duration="1"/>
  </file>
</testExecutions>